<?xml version="1.0" encoding="UTF-8"?>
<testsuite xmlns:xsi="http://www.w3.org/2001/XMLSchema-instance" xsi:noNamespaceSchemaLocation="https://maven.apache.org/surefire/maven-surefire-plugin/xsd/surefire-test-report.xsd" name="com.ib.library.repository.AppTest" time="0.011" tests="1" errors="0" skipped="0" failures="0">
  <properties>
    <property name="sun.desktop" value="gnome"/>
    <property name="awt.toolkit" value="sun.awt.X11.XToolkit"/>
    <property name="java.specification.version" value="11"/>
    <property name="sun.cpu.isalist" value=""/>
    <property name="sun.jnu.encoding" value="UTF-8"/>
    <property name="java.class.path" value="/home/ibrahima/Perso/library-parent/library-repository/target/test-classes:/home/ibrahima/Perso/library-parent/library-repository/target/classes:/home/ibrahima/Perso/library-parent/library-model/target/library-model-1.0-SNAPSHOT.jar:/home/ibrahima/env/maven/repository/org/springframework/boot/spring-boot-starter-data-jpa/2.0.5.RELEASE/spring-boot-starter-data-jpa-2.0.5.RELEASE.jar:/home/ibrahima/env/maven/repository/org/springframework/boot/spring-boot-starter/2.0.5.RELEASE/spring-boot-starter-2.0.5.RELEASE.jar:/home/ibrahima/env/maven/repository/org/springframework/boot/spring-boot/2.2.1.RELEASE/spring-boot-2.2.1.RELEASE.jar:/home/ibrahima/env/maven/repository/org/springframework/boot/spring-boot-autoconfigure/2.2.1.RELEASE/spring-boot-autoconfigure-2.2.1.RELEASE.jar:/home/ibrahima/env/maven/repository/org/springframework/boot/spring-boot-starter-logging/2.2.1.RELEASE/spring-boot-starter-logging-2.2.1.RELEASE.jar:/home/ibrahima/env/maven/repository/ch/qos/logback/logback-classic/1.2.3/logback-classic-1.2.3.jar:/home/ibrahima/env/maven/repository/ch/qos/logback/logback-core/1.2.3/logback-core-1.2.3.jar:/home/ibrahima/env/maven/repository/org/apache/logging/log4j/log4j-to-slf4j/2.12.1/log4j-to-slf4j-2.12.1.jar:/home/ibrahima/env/maven/repository/org/apache/logging/log4j/log4j-api/2.12.1/log4j-api-2.12.1.jar:/home/ibrahima/env/maven/repository/org/slf4j/jul-to-slf4j/1.7.29/jul-to-slf4j-1.7.29.jar:/home/ibrahima/env/maven/repository/javax/annotation/javax.annotation-api/1.3.2/javax.annotation-api-1.3.2.jar:/home/ibrahima/env/maven/repository/org/springframework/spring-core/5.2.1.RELEASE/spring-core-5.2.1.RELEASE.jar:/home/ibrahima/env/maven/repository/org/springframework/spring-jcl/5.2.1.RELEASE/spring-jcl-5.2.1.RELEASE.jar:/home/ibrahima/env/maven/repository/org/yaml/snakeyaml/1.25/snakeyaml-1.25.jar:/home/ibrahima/env/maven/repository/org/springframework/boot/spring-boot-starter-aop/2.2.1.RELEASE/spring-boot-starter-aop-2.2.1.RELEASE.jar:/home/ibrahima/env/maven/repository/org/springframework/spring-aop/5.2.1.RELEASE/spring-aop-5.2.1.RELEASE.jar:/home/ibrahima/env/maven/repository/org/aspectj/aspectjweaver/1.9.4/aspectjweaver-1.9.4.jar:/home/ibrahima/env/maven/repository/org/springframework/boot/spring-boot-starter-jdbc/2.2.1.RELEASE/spring-boot-starter-jdbc-2.2.1.RELEASE.jar:/home/ibrahima/env/maven/repository/com/zaxxer/HikariCP/3.4.1/HikariCP-3.4.1.jar:/home/ibrahima/env/maven/repository/org/springframework/spring-jdbc/5.2.1.RELEASE/spring-jdbc-5.2.1.RELEASE.jar:/home/ibrahima/env/maven/repository/javax/transaction/javax.transaction-api/1.3/javax.transaction-api-1.3.jar:/home/ibrahima/env/maven/repository/org/hibernate/hibernate-core/5.4.8.Final/hibernate-core-5.4.8.Final.jar:/home/ibrahima/env/maven/repository/org/jboss/logging/jboss-logging/3.4.1.Final/jboss-logging-3.4.1.Final.jar:/home/ibrahima/env/maven/repository/javax/persistence/javax.persistence-api/2.2/javax.persistence-api-2.2.jar:/home/ibrahima/env/maven/repository/org/javassist/javassist/3.24.0-GA/javassist-3.24.0-GA.jar:/home/ibrahima/env/maven/repository/net/bytebuddy/byte-buddy/1.10.2/byte-buddy-1.10.2.jar:/home/ibrahima/env/maven/repository/antlr/antlr/2.7.7/antlr-2.7.7.jar:/home/ibrahima/env/maven/repository/org/jboss/jandex/2.0.5.Final/jandex-2.0.5.Final.jar:/home/ibrahima/env/maven/repository/com/fasterxml/classmate/1.5.1/classmate-1.5.1.jar:/home/ibrahima/env/maven/repository/javax/activation/javax.activation-api/1.2.0/javax.activation-api-1.2.0.jar:/home/ibrahima/env/maven/repository/org/dom4j/dom4j/2.1.1/dom4j-2.1.1.jar:/home/ibrahima/env/maven/repository/org/hibernate/common/hibernate-commons-annotations/5.1.0.Final/hibernate-commons-annotations-5.1.0.Final.jar:/home/ibrahima/env/maven/repository/javax/xml/bind/jaxb-api/2.3.1/jaxb-api-2.3.1.jar:/home/ibrahima/env/maven/repository/org/glassfish/jaxb/jaxb-runtime/2.3.2/jaxb-runtime-2.3.2.jar:/home/ibrahima/env/maven/repository/jakarta/xml/bind/jakarta.xml.bind-api/2.3.2/jakarta.xml.bind-api-2.3.2.jar:/home/ibrahima/env/maven/repository/org/glassfish/jaxb/txw2/2.3.2/txw2-2.3.2.jar:/home/ibrahima/env/maven/repository/com/sun/istack/istack-commons-runtime/3.0.8/istack-commons-runtime-3.0.8.jar:/home/ibrahima/env/maven/repository/org/jvnet/staxex/stax-ex/1.8.1/stax-ex-1.8.1.jar:/home/ibrahima/env/maven/repository/com/sun/xml/fastinfoset/FastInfoset/1.2.16/FastInfoset-1.2.16.jar:/home/ibrahima/env/maven/repository/jakarta/activation/jakarta.activation-api/1.2.1/jakarta.activation-api-1.2.1.jar:/home/ibrahima/env/maven/repository/org/springframework/data/spring-data-jpa/2.2.1.RELEASE/spring-data-jpa-2.2.1.RELEASE.jar:/home/ibrahima/env/maven/repository/org/springframework/data/spring-data-commons/2.2.1.RELEASE/spring-data-commons-2.2.1.RELEASE.jar:/home/ibrahima/env/maven/repository/org/springframework/spring-orm/5.2.1.RELEASE/spring-orm-5.2.1.RELEASE.jar:/home/ibrahima/env/maven/repository/org/springframework/spring-context/5.2.1.RELEASE/spring-context-5.2.1.RELEASE.jar:/home/ibrahima/env/maven/repository/org/springframework/spring-expression/5.2.1.RELEASE/spring-expression-5.2.1.RELEASE.jar:/home/ibrahima/env/maven/repository/org/springframework/spring-tx/5.2.1.RELEASE/spring-tx-5.2.1.RELEASE.jar:/home/ibrahima/env/maven/repository/org/springframework/spring-beans/5.2.1.RELEASE/spring-beans-5.2.1.RELEASE.jar:/home/ibrahima/env/maven/repository/org/slf4j/slf4j-api/1.7.29/slf4j-api-1.7.29.jar:/home/ibrahima/env/maven/repository/org/springframework/spring-aspects/5.2.1.RELEASE/spring-aspects-5.2.1.RELEASE.jar:/home/ibrahima/env/maven/repository/mysql/mysql-connector-java/8.0.18/mysql-connector-java-8.0.18.jar:/home/ibrahima/env/maven/repository/com/google/protobuf/protobuf-java/3.6.1/protobuf-java-3.6.1.jar:/home/ibrahima/env/maven/repository/junit/junit/3.8.1/junit-3.8.1.jar:"/>
    <property name="java.vm.vendor" value="Oracle Corporation"/>
    <property name="sun.arch.data.model" value="64"/>
    <property name="java.vendor.url" value="http://java.oracle.com/"/>
    <property name="user.timezone" value=""/>
    <property name="java.vm.specification.version" value="11"/>
    <property name="os.name" value="Linux"/>
    <property name="sun.java.launcher" value="SUN_STANDARD"/>
    <property name="user.country" value="FR"/>
    <property name="sun.boot.library.path" value="/home/ibrahima/env/jdk-11.0.1/lib"/>
    <property name="sun.java.command" value="/home/ibrahima/Perso/library-parent/library-repository/target/surefire/surefirebooter11231840874127488097.jar /home/ibrahima/Perso/library-parent/library-repository/target/surefire 2019-12-07T11-19-17_044-jvmRun1 surefire16773647630966771104tmp surefire_011808116215700983887tmp"/>
    <property name="jdk.debug" value="release"/>
    <property name="surefire.test.class.path" value="/home/ibrahima/Perso/library-parent/library-repository/target/test-classes:/home/ibrahima/Perso/library-parent/library-repository/target/classes:/home/ibrahima/Perso/library-parent/library-model/target/library-model-1.0-SNAPSHOT.jar:/home/ibrahima/env/maven/repository/org/springframework/boot/spring-boot-starter-data-jpa/2.0.5.RELEASE/spring-boot-starter-data-jpa-2.0.5.RELEASE.jar:/home/ibrahima/env/maven/repository/org/springframework/boot/spring-boot-starter/2.0.5.RELEASE/spring-boot-starter-2.0.5.RELEASE.jar:/home/ibrahima/env/maven/repository/org/springframework/boot/spring-boot/2.2.1.RELEASE/spring-boot-2.2.1.RELEASE.jar:/home/ibrahima/env/maven/repository/org/springframework/boot/spring-boot-autoconfigure/2.2.1.RELEASE/spring-boot-autoconfigure-2.2.1.RELEASE.jar:/home/ibrahima/env/maven/repository/org/springframework/boot/spring-boot-starter-logging/2.2.1.RELEASE/spring-boot-starter-logging-2.2.1.RELEASE.jar:/home/ibrahima/env/maven/repository/ch/qos/logback/logback-classic/1.2.3/logback-classic-1.2.3.jar:/home/ibrahima/env/maven/repository/ch/qos/logback/logback-core/1.2.3/logback-core-1.2.3.jar:/home/ibrahima/env/maven/repository/org/apache/logging/log4j/log4j-to-slf4j/2.12.1/log4j-to-slf4j-2.12.1.jar:/home/ibrahima/env/maven/repository/org/apache/logging/log4j/log4j-api/2.12.1/log4j-api-2.12.1.jar:/home/ibrahima/env/maven/repository/org/slf4j/jul-to-slf4j/1.7.29/jul-to-slf4j-1.7.29.jar:/home/ibrahima/env/maven/repository/javax/annotation/javax.annotation-api/1.3.2/javax.annotation-api-1.3.2.jar:/home/ibrahima/env/maven/repository/org/springframework/spring-core/5.2.1.RELEASE/spring-core-5.2.1.RELEASE.jar:/home/ibrahima/env/maven/repository/org/springframework/spring-jcl/5.2.1.RELEASE/spring-jcl-5.2.1.RELEASE.jar:/home/ibrahima/env/maven/repository/org/yaml/snakeyaml/1.25/snakeyaml-1.25.jar:/home/ibrahima/env/maven/repository/org/springframework/boot/spring-boot-starter-aop/2.2.1.RELEASE/spring-boot-starter-aop-2.2.1.RELEASE.jar:/home/ibrahima/env/maven/repository/org/springframework/spring-aop/5.2.1.RELEASE/spring-aop-5.2.1.RELEASE.jar:/home/ibrahima/env/maven/repository/org/aspectj/aspectjweaver/1.9.4/aspectjweaver-1.9.4.jar:/home/ibrahima/env/maven/repository/org/springframework/boot/spring-boot-starter-jdbc/2.2.1.RELEASE/spring-boot-starter-jdbc-2.2.1.RELEASE.jar:/home/ibrahima/env/maven/repository/com/zaxxer/HikariCP/3.4.1/HikariCP-3.4.1.jar:/home/ibrahima/env/maven/repository/org/springframework/spring-jdbc/5.2.1.RELEASE/spring-jdbc-5.2.1.RELEASE.jar:/home/ibrahima/env/maven/repository/javax/transaction/javax.transaction-api/1.3/javax.transaction-api-1.3.jar:/home/ibrahima/env/maven/repository/org/hibernate/hibernate-core/5.4.8.Final/hibernate-core-5.4.8.Final.jar:/home/ibrahima/env/maven/repository/org/jboss/logging/jboss-logging/3.4.1.Final/jboss-logging-3.4.1.Final.jar:/home/ibrahima/env/maven/repository/javax/persistence/javax.persistence-api/2.2/javax.persistence-api-2.2.jar:/home/ibrahima/env/maven/repository/org/javassist/javassist/3.24.0-GA/javassist-3.24.0-GA.jar:/home/ibrahima/env/maven/repository/net/bytebuddy/byte-buddy/1.10.2/byte-buddy-1.10.2.jar:/home/ibrahima/env/maven/repository/antlr/antlr/2.7.7/antlr-2.7.7.jar:/home/ibrahima/env/maven/repository/org/jboss/jandex/2.0.5.Final/jandex-2.0.5.Final.jar:/home/ibrahima/env/maven/repository/com/fasterxml/classmate/1.5.1/classmate-1.5.1.jar:/home/ibrahima/env/maven/repository/javax/activation/javax.activation-api/1.2.0/javax.activation-api-1.2.0.jar:/home/ibrahima/env/maven/repository/org/dom4j/dom4j/2.1.1/dom4j-2.1.1.jar:/home/ibrahima/env/maven/repository/org/hibernate/common/hibernate-commons-annotations/5.1.0.Final/hibernate-commons-annotations-5.1.0.Final.jar:/home/ibrahima/env/maven/repository/javax/xml/bind/jaxb-api/2.3.1/jaxb-api-2.3.1.jar:/home/ibrahima/env/maven/repository/org/glassfish/jaxb/jaxb-runtime/2.3.2/jaxb-runtime-2.3.2.jar:/home/ibrahima/env/maven/repository/jakarta/xml/bind/jakarta.xml.bind-api/2.3.2/jakarta.xml.bind-api-2.3.2.jar:/home/ibrahima/env/maven/repository/org/glassfish/jaxb/txw2/2.3.2/txw2-2.3.2.jar:/home/ibrahima/env/maven/repository/com/sun/istack/istack-commons-runtime/3.0.8/istack-commons-runtime-3.0.8.jar:/home/ibrahima/env/maven/repository/org/jvnet/staxex/stax-ex/1.8.1/stax-ex-1.8.1.jar:/home/ibrahima/env/maven/repository/com/sun/xml/fastinfoset/FastInfoset/1.2.16/FastInfoset-1.2.16.jar:/home/ibrahima/env/maven/repository/jakarta/activation/jakarta.activation-api/1.2.1/jakarta.activation-api-1.2.1.jar:/home/ibrahima/env/maven/repository/org/springframework/data/spring-data-jpa/2.2.1.RELEASE/spring-data-jpa-2.2.1.RELEASE.jar:/home/ibrahima/env/maven/repository/org/springframework/data/spring-data-commons/2.2.1.RELEASE/spring-data-commons-2.2.1.RELEASE.jar:/home/ibrahima/env/maven/repository/org/springframework/spring-orm/5.2.1.RELEASE/spring-orm-5.2.1.RELEASE.jar:/home/ibrahima/env/maven/repository/org/springframework/spring-context/5.2.1.RELEASE/spring-context-5.2.1.RELEASE.jar:/home/ibrahima/env/maven/repository/org/springframework/spring-expression/5.2.1.RELEASE/spring-expression-5.2.1.RELEASE.jar:/home/ibrahima/env/maven/repository/org/springframework/spring-tx/5.2.1.RELEASE/spring-tx-5.2.1.RELEASE.jar:/home/ibrahima/env/maven/repository/org/springframework/spring-beans/5.2.1.RELEASE/spring-beans-5.2.1.RELEASE.jar:/home/ibrahima/env/maven/repository/org/slf4j/slf4j-api/1.7.29/slf4j-api-1.7.29.jar:/home/ibrahima/env/maven/repository/org/springframework/spring-aspects/5.2.1.RELEASE/spring-aspects-5.2.1.RELEASE.jar:/home/ibrahima/env/maven/repository/mysql/mysql-connector-java/8.0.18/mysql-connector-java-8.0.18.jar:/home/ibrahima/env/maven/repository/com/google/protobuf/protobuf-java/3.6.1/protobuf-java-3.6.1.jar:/home/ibrahima/env/maven/repository/junit/junit/3.8.1/junit-3.8.1.jar:"/>
    <property name="sun.cpu.endian" value="little"/>
    <property name="user.home" value="/home/ibrahima"/>
    <property name="user.language" value="fr"/>
    <property name="java.specification.vendor" value="Oracle Corporation"/>
    <property name="java.version.date" value="2018-10-16"/>
    <property name="java.home" value="/home/ibrahima/env/jdk-11.0.1"/>
    <property name="file.separator" value="/"/>
    <property name="basedir" value="/home/ibrahima/Perso/library-parent/library-repository"/>
    <property name="java.vm.compressedOopsMode" value="32-bit"/>
    <property name="line.separator" value="&#10;"/>
    <property name="java.specification.name" value="Java Platform API Specification"/>
    <property name="java.vm.specification.vendor" value="Oracle Corporation"/>
    <property name="java.awt.graphicsenv" value="sun.awt.X11GraphicsEnvironment"/>
    <property name="surefire.real.class.path" value="/home/ibrahima/Perso/library-parent/library-repository/target/surefire/surefirebooter11231840874127488097.jar"/>
    <property name="sun.management.compiler" value="HotSpot 64-Bit Tiered Compilers"/>
    <property name="java.runtime.version" value="11.0.1+13-LTS"/>
    <property name="user.name" value="ibrahima"/>
    <property name="path.separator" value=":"/>
    <property name="os.version" value="4.15.0-72-generic"/>
    <property name="java.runtime.name" value="Java(TM) SE Runtime Environment"/>
    <property name="file.encoding" value="UTF-8"/>
    <property name="java.vm.name" value="Java HotSpot(TM) 64-Bit Server VM"/>
    <property name="java.vendor.version" value="18.9"/>
    <property name="localRepository" value="/home/ibrahima/env/maven/repository"/>
    <property name="java.vendor.url.bug" value="http://bugreport.java.com/bugreport/"/>
    <property name="java.io.tmpdir" value="/tmp"/>
    <property name="java.version" value="11.0.1"/>
    <property name="user.dir" value="/home/ibrahima/Perso/library-parent/library-repository"/>
    <property name="os.arch" value="amd64"/>
    <property name="java.vm.specification.name" value="Java Virtual Machine Specification"/>
    <property name="java.awt.printerjob" value="sun.print.PSPrinterJob"/>
    <property name="sun.os.patch.level" value="unknown"/>
    <property name="java.library.path" value="/usr/java/packages/lib:/usr/lib64:/lib64:/lib:/usr/lib"/>
    <property name="java.vendor" value="Oracle Corporation"/>
    <property name="java.vm.info" value="mixed mode"/>
    <property name="java.vm.version" value="11.0.1+13-LTS"/>
    <property name="sun.io.unicode.encoding" value="UnicodeLittle"/>
    <property name="java.class.version" value="55.0"/>
  </properties>
  <testcase name="testApp" classname="com.ib.library.repository.AppTest" time="0.001"/>
</testsuite>